<?xml version="1.0" encoding="UTF-8"?>
<testsuite xmlns:xsi="http://www.w3.org/2001/XMLSchema-instance" xsi:noNamespaceSchemaLocation="https://maven.apache.org/surefire/maven-surefire-plugin/xsd/surefire-test-report-3.0.xsd" version="3.0" name="TestSuite" time="22.135" tests="1" errors="0" skipped="0" failures="1">
  <properties>
[...]
</properties>
  <testcase name="runScenario[&quot;Book a fligth&quot;, &quot;Reset functionality on login page of Application&quot;](1)" classname="TestRunner.Runner" time="19.259">
    <failure message="element click intercepted: Element &lt;button _ngcontent-ng-c1784957809=&quot;&quot; ry-button=&quot;&quot; color=&quot;gradient-yellow&quot; class=&quot;passenger-carousel__cta passenger-carousel__cta--next ry-button--gradient-yellow&quot; _nghost-ng-c414200528=&quot;&quot; data-ref=&quot;seats-action__button-next&quot;&gt;...&lt;/button&gt; is not clickable at point (1444, 507). Other element would receive the click: &lt;ry-overlay _ngcontent-ng-c866520027=&quot;&quot; _nghost-ng-c2471414826=&quot;&quot;&gt;&lt;/ry-overlay&gt;&#10;  (Session info: chrome=117.0.5938.92)&#10;Build info: version: &apos;4.12.1&apos;, revision: &apos;8e34639b11&apos;&#10;System info: os.name: &apos;Windows 10&apos;, os.arch: &apos;amd64&apos;, os.version: &apos;10.0&apos;, java.version: &apos;20.0.2&apos;&#10;Driver info: org.openqa.selenium.chrome.ChromeDriver&#10;Command: [e547f79aa0573b96df839f7c1e5483f0, clickElement {id=48F06C1A1B291E5BFD8175A8354806C9_element_564}]&#10;Capabilities {acceptInsecureCerts: false, browserName: chrome, browserVersion: 117.0.5938.92, chrome: {chromedriverVersion: 117.0.5938.92 (67649b10b92b..., userDataDir: C:\Users\Elia\AppData\Local...}, fedcm:accounts: true, goog:chromeOptions: {debuggerAddress: localhost:53542}, networkConnectionEnabled: false, pageLoadStrategy: normal, platformName: windows, proxy: Proxy(), se:cdp: ws://localhost:53542/devtoo..., se:cdpVersion: 117.0.5938.92, setWindowRect: true, strictFileInteractability: false, timeouts: {implicit: 0, pageLoad: 300000, script: 30000}, unhandledPromptBehavior: dismiss and notify, webauthn:extension:credBlob: true, webauthn:extension:largeBlob: true, webauthn:extension:minPinLength: true, webauthn:extension:prf: true, webauthn:virtualAuthenticators: true}&#10;Element: [[ChromeDriver: chrome on windows (e547f79aa0573b96df839f7c1e5483f0)] -&gt; xpath: //button[contains(@data-ref,&apos;next&apos;)]]&#10;Session ID: e547f79aa0573b96df839f7c1e5483f0" type="org.openqa.selenium.ElementClickInterceptedException"><![CDATA[org.openqa.selenium.ElementClickInterceptedException: 
element click intercepted: Element <button _ngcontent-ng-c1784957809="" ry-button="" color="gradient-yellow" class="passenger-carousel__cta passenger-carousel__cta--next ry-button--gradient-yellow" _nghost-ng-c414200528="" data-ref="seats-action__button-next">...</button> is not clickable at point (1444, 507). Other element would receive the click: <ry-overlay _ngcontent-ng-c866520027="" _nghost-ng-c2471414826=""></ry-overlay>
  (Session info: chrome=117.0.5938.92)
Build info: version: '4.12.1', revision: '8e34639b11'
System info: os.name: 'Windows 10', os.arch: 'amd64', os.version: '10.0', java.version: '20.0.2'
Driver info: org.openqa.selenium.chrome.ChromeDriver
Command: [e547f79aa0573b96df839f7c1e5483f0, clickElement {id=48F06C1A1B291E5BFD8175A8354806C9_element_564}]
Capabilities {acceptInsecureCerts: false, browserName: chrome, browserVersion: 117.0.5938.92, chrome: {chromedriverVersion: 117.0.5938.92 (67649b10b92b..., userDataDir: C:\Users\Elia\AppData\Local...}, fedcm:accounts: true, goog:chromeOptions: {debuggerAddress: localhost:53542}, networkConnectionEnabled: false, pageLoadStrategy: normal, platformName: windows, proxy: Proxy(), se:cdp: ws://localhost:53542/devtoo..., se:cdpVersion: 117.0.5938.92, setWindowRect: true, strictFileInteractability: false, timeouts: {implicit: 0, pageLoad: 300000, script: 30000}, unhandledPromptBehavior: dismiss and notify, webauthn:extension:credBlob: true, webauthn:extension:largeBlob: true, webauthn:extension:minPinLength: true, webauthn:extension:prf: true, webauthn:virtualAuthenticators: true}
Element: [[ChromeDriver: chrome on windows (e547f79aa0573b96df839f7c1e5483f0)] -> xpath: //button[contains(@data-ref,'next')]]
Session ID: e547f79aa0573b96df839f7c1e5483f0
	at java.base/jdk.internal.reflect.DirectConstructorHandleAccessor.newInstance(DirectConstructorHandleAccessor.java:67)
	at java.base/java.lang.reflect.Constructor.newInstanceWithCaller(Constructor.java:500)
	at java.base/java.lang.reflect.Constructor.newInstance(Constructor.java:484)
	at org.openqa.selenium.remote.codec.w3c.W3CHttpResponseCodec.createException(W3CHttpResponseCodec.java:200)
	at org.openqa.selenium.remote.codec.w3c.W3CHttpResponseCodec.decode(W3CHttpResponseCodec.java:133)
	at org.openqa.selenium.remote.codec.w3c.W3CHttpResponseCodec.decode(W3CHttpResponseCodec.java:52)
	at org.openqa.selenium.remote.HttpCommandExecutor.execute(HttpCommandExecutor.java:191)
	at org.openqa.selenium.remote.service.DriverCommandExecutor.invokeExecute(DriverCommandExecutor.java:196)
	at org.openqa.selenium.remote.service.DriverCommandExecutor.execute(DriverCommandExecutor.java:171)
	at org.openqa.selenium.remote.RemoteWebDriver.execute(RemoteWebDriver.java:602)
	at org.openqa.selenium.remote.RemoteWebElement.execute(RemoteWebElement.java:224)
	at org.openqa.selenium.remote.RemoteWebElement.click(RemoteWebElement.java:77)
	at java.base/jdk.internal.reflect.DirectMethodHandleAccessor.invoke(DirectMethodHandleAccessor.java:104)
	at java.base/java.lang.reflect.Method.invoke(Method.java:578)
	at org.openqa.selenium.support.pagefactory.internal.LocatingElementHandler.invoke(LocatingElementHandler.java:51)
	at jdk.proxy2/jdk.proxy2.$Proxy25.click(Unknown Source)
	at Pages.Seats.clickNextFlight(Seats.java:52)
	at StepDefinition.MyStepdefs.clickOnNextFlight(MyStepdefs.java:127)
	at ✽.Click on Next Flight(file:///C:/Users/Elia/Desktop/PruebaTecnica/PruebaTecnica/src/test/java/Features/MyTest.feature:30)
]]></failure>
    <system-out><![CDATA[
@Feature @ValidCredentials
Scenario: Book a fligth                                         # src/test/java/Features/MyTest.feature:9
Start the browser and Clear the cookies
  Given Open the Firefox and launch the application             # StepDefinition.MyStepdefs.openTheFirefoxAndLaunchTheApplication()
  When Enter "Portugal" "Lisbon"  and "France" "Paris Beauvais" # StepDefinition.MyStepdefs.enterAnd(java.lang.String,java.lang.String,java.lang.String,java.lang.String)
  And Enter departureDate                                       # StepDefinition.MyStepdefs.enterDepartureDate()
  And Enter comeBackDate                                        # StepDefinition.MyStepdefs.enterComeBackDate()
  And Add 2 adults and 1 child                                  # StepDefinition.MyStepdefs.addAnAdult(int,int)
  And Open departureDate                                        # StepDefinition.MyStepdefs.openDepartureDate()
  And Select month "Dec"                                        # StepDefinition.MyStepdefs.selectMonth(java.lang.String)
  And Select new departure date "2023-12-06"                    # StepDefinition.MyStepdefs.selectNewDepartureDate(java.lang.String)
  And Select new comeback date "2023-12-12"                     # StepDefinition.MyStepdefs.selectNewComebackDate(java.lang.String)
  And Click on Search button                                    # StepDefinition.MyStepdefs.clickOnSearchButton()
  And Select FirstFlight                                        # StepDefinition.MyStepdefs.selectFirstFlight()
  And Select SecondFlight                                       # StepDefinition.MyStepdefs.selectSecondFlight()
  And Select "regular" fare                                     # StepDefinition.MyStepdefs.selectRegularFare(java.lang.String)
  And Click on Log in later                                     # StepDefinition.MyStepdefs.clickOnLogInLater()
  And Fill "Mrs" "Sónia" "Pereira"                              # StepDefinition.MyStepdefs.fill(java.lang.String,java.lang.String,java.lang.String)
  And Fill "Mr" "Diogo" "Bettencourt"                           # StepDefinition.MyStepdefs.fill(java.lang.String,java.lang.String,java.lang.String)
  And Fill child "Inês" "Marçal"                                # StepDefinition.MyStepdefs.fillChild(java.lang.String,java.lang.String)
  And Click on Continue button                                  # StepDefinition.MyStepdefs.clickOnContinueButton()
  And Click OKay modal                                          # StepDefinition.MyStepdefs.clickOKayModal()
  And Select 3 seats                                            # StepDefinition.MyStepdefs.selectSeats(int)
  And Click on Next Flight                                      # StepDefinition.MyStepdefs.clickOnNextFlight()
      org.openqa.selenium.ElementClickInterceptedException: element click intercepted: Element <button _ngcontent-ng-c1784957809="" ry-button="" color="gradient-yellow" class="passenger-carousel__cta passenger-carousel__cta--next ry-button--gradient-yellow" _nghost-ng-c414200528="" data-ref="seats-action__button-next">...</button> is not clickable at point (1444, 507). Other element would receive the click: <ry-overlay _ngcontent-ng-c866520027="" _nghost-ng-c2471414826=""></ry-overlay>
  (Session info: chrome=117.0.5938.92)
Build info: version: '4.12.1', revision: '8e34639b11'
System info: os.name: 'Windows 10', os.arch: 'amd64', os.version: '10.0', java.version: '20.0.2'
Driver info: org.openqa.selenium.chrome.ChromeDriver
Command: [e547f79aa0573b96df839f7c1e5483f0, clickElement {id=48F06C1A1B291E5BFD8175A8354806C9_element_564}]
Capabilities {acceptInsecureCerts: false, browserName: chrome, browserVersion: 117.0.5938.92, chrome: {chromedriverVersion: 117.0.5938.92 (67649b10b92b..., userDataDir: C:\Users\Elia\AppData\Local...}, fedcm:accounts: true, goog:chromeOptions: {debuggerAddress: localhost:53542}, networkConnectionEnabled: false, pageLoadStrategy: normal, platformName: windows, proxy: Proxy(), se:cdp: ws://localhost:53542/devtoo..., se:cdpVersion: 117.0.5938.92, setWindowRect: true, strictFileInteractability: false, timeouts: {implicit: 0, pageLoad: 300000, script: 30000}, unhandledPromptBehavior: dismiss and notify, webauthn:extension:credBlob: true, webauthn:extension:largeBlob: true, webauthn:extension:minPinLength: true, webauthn:extension:prf: true, webauthn:virtualAuthenticators: true}
Element: [[ChromeDriver: chrome on windows (e547f79aa0573b96df839f7c1e5483f0)] -> xpath: //button[contains(@data-ref,'next')]]
Session ID: e547f79aa0573b96df839f7c1e5483f0
	at java.base/jdk.internal.reflect.DirectConstructorHandleAccessor.newInstance(DirectConstructorHandleAccessor.java:67)
	at java.base/java.lang.reflect.Constructor.newInstanceWithCaller(Constructor.java:500)
	at java.base/java.lang.reflect.Constructor.newInstance(Constructor.java:484)
	at org.openqa.selenium.remote.codec.w3c.W3CHttpResponseCodec.createException(W3CHttpResponseCodec.java:200)
	at org.openqa.selenium.remote.codec.w3c.W3CHttpResponseCodec.decode(W3CHttpResponseCodec.java:133)
	at org.openqa.selenium.remote.codec.w3c.W3CHttpResponseCodec.decode(W3CHttpResponseCodec.java:52)
	at org.openqa.selenium.remote.HttpCommandExecutor.execute(HttpCommandExecutor.java:191)
	at org.openqa.selenium.remote.service.DriverCommandExecutor.invokeExecute(DriverCommandExecutor.java:196)
	at org.openqa.selenium.remote.service.DriverCommandExecutor.execute(DriverCommandExecutor.java:171)
	at org.openqa.selenium.remote.RemoteWebDriver.execute(RemoteWebDriver.java:602)
	at org.openqa.selenium.remote.RemoteWebElement.execute(RemoteWebElement.java:224)
	at org.openqa.selenium.remote.RemoteWebElement.click(RemoteWebElement.java:77)
	at java.base/jdk.internal.reflect.DirectMethodHandleAccessor.invoke(DirectMethodHandleAccessor.java:104)
	at java.base/java.lang.reflect.Method.invoke(Method.java:578)
	at org.openqa.selenium.support.pagefactory.internal.LocatingElementHandler.invoke(LocatingElementHandler.java:51)
	at jdk.proxy2/jdk.proxy2.$Proxy25.click(Unknown Source)
	at Pages.Seats.clickNextFlight(Seats.java:52)
	at StepDefinition.MyStepdefs.clickOnNextFlight(MyStepdefs.java:127)
	at ✽.Click on Next Flight(file:///C:/Users/Elia/Desktop/PruebaTecnica/PruebaTecnica/src/test/java/Features/MyTest.feature:30)

  And Select 3 seats                                            # StepDefinition.MyStepdefs.selectSeats(int)
  And Click on Continue button Seats Page                       # StepDefinition.MyStepdefs.clickOnContinueButtonSeatsPage()
  And Do not Add Fast Track                                     # StepDefinition.MyStepdefs.doNotAddFastTrack()
  And Select small bag                                          # StepDefinition.MyStepdefs.selectSmallBag()
  And Click on Continue button Bags Page                        # StepDefinition.MyStepdefs.clickOnContinueButtonBagsPage()
  And Click on Continue button Extras Page                      # StepDefinition.MyStepdefs.clickOnContinueButtonExtrasPage()
  And Click on Continue button Extras TransportPage             # StepDefinition.MyStepdefs.clickOnContinueButtonExtrasTransportPage()
  Then Payment page is reached                                  # StepDefinition.MyStepdefs.paymentPageIsReached()
]]></system-out>
    <system-err><![CDATA[SLF4J: No SLF4J providers were found.
SLF4J: Defaulting to no-operation (NOP) logger implementation
SLF4J: See https://www.slf4j.org/codes.html#noProviders for further details.
sept 24, 2023 5:33:59 P. M. io.cucumber.core.options.CucumberPropertiesParser lambda$warnWhenCucumberOptionsIsUsed$2
WARNING: Passing commandline options via the property 'cucumber.options' is no longer supported. Please use individual properties instead. See the java doc on io.cucumber.core.options.Constants for details.
sept 24, 2023 5:34:03 P. M. org.openqa.selenium.devtools.CdpVersionFinder findNearestMatch
WARNING: Unable to find an exact match for CDP version 117, so returning the closest version found: 116
sept 24, 2023 5:34:19 P. M. org.openqa.selenium.remote.http.WebSocket$Listener onError
WARNING: Connection reset
java.net.SocketException: Connection reset
	at java.base/sun.nio.ch.SocketChannelImpl.throwConnectionReset(SocketChannelImpl.java:401)
	at java.base/sun.nio.ch.SocketChannelImpl.read(SocketChannelImpl.java:434)
	at io.netty.buffer.PooledByteBuf.setBytes(PooledByteBuf.java:254)
	at io.netty.buffer.AbstractByteBuf.writeBytes(AbstractByteBuf.java:1132)
	at io.netty.channel.socket.nio.NioSocketChannel.doReadBytes(NioSocketChannel.java:357)
	at io.netty.channel.nio.AbstractNioByteChannel$NioByteUnsafe.read(AbstractNioByteChannel.java:151)
	at io.netty.channel.nio.NioEventLoop.processSelectedKey(NioEventLoop.java:788)
	at io.netty.channel.nio.NioEventLoop.processSelectedKeysOptimized(NioEventLoop.java:724)
	at io.netty.channel.nio.NioEventLoop.processSelectedKeys(NioEventLoop.java:650)
	at io.netty.channel.nio.NioEventLoop.run(NioEventLoop.java:562)
	at io.netty.util.concurrent.SingleThreadEventExecutor$4.run(SingleThreadEventExecutor.java:997)
	at io.netty.util.internal.ThreadExecutorMap$2.run(ThreadExecutorMap.java:74)
	at io.netty.util.concurrent.FastThreadLocalRunnable.run(FastThreadLocalRunnable.java:30)
	at java.base/java.lang.Thread.run(Thread.java:1623)

]]></system-err>
  </testcase>
</testsuite>