<?xml version="1.0" encoding="UTF-8"?>
<!-- Generated by org.testng.reporters.JUnitXMLReporter -->
<testsuite ignored="0" hostname="DESKTOP-96VUGJQ" failures="1" tests="1" name="TestDemo" time="19.916" errors="0" timestamp="2023-09-24T17:34:19 CEST">
  <testcase classname="io.cucumber.testng.AbstractTestNGCucumberTests" name="runScenario" time="19.252">
    <failure type="org.openqa.selenium.ElementClickInterceptedException" message="element click intercepted: Element &amp;lt;button _ngcontent-ng-c1784957809=&amp;quot;&amp;quot; ry-button=&amp;quot;&amp;quot; color=&amp;quot;gradient-yellow&amp;quot; class=&amp;quot;passenger-carousel__cta passenger-carousel__cta--next ry-button--gradient-yellow&amp;quot; _nghost-ng-c414200528=&amp;quot;&amp;quot; data-ref=&amp;quot;seats-action__button-next&amp;quot;&amp;gt;...&amp;lt;/button&amp;gt; is not clickable at point (1444, 507). Other element would receive the click: &amp;lt;ry-overlay _ngcontent-ng-c866520027=&amp;quot;&amp;quot; _nghost-ng-c2471414826=&amp;quot;&amp;quot;&amp;gt;&amp;lt;/ry-overlay&amp;gt;
  (Session info: chrome=117.0.5938.92)
Build info: version: &amp;apos;4.12.1&amp;apos;, revision: &amp;apos;8e34639b11&amp;apos;
System info: os.name: &amp;apos;Windows 10&amp;apos;, os.arch: &amp;apos;amd64&amp;apos;, os.version: &amp;apos;10.0&amp;apos;, java.version: &amp;apos;20.0.2&amp;apos;
Driver info: org.openqa.selenium.chrome.ChromeDriver
Command: [e547f79aa0573b96df839f7c1e5483f0, clickElement {id=48F06C1A1B291E5BFD8175A8354806C9_element_564}]
Capabilities {acceptInsecureCerts: false, browserName: chrome, browserVersion: 117.0.5938.92, chrome: {chromedriverVersion: 117.0.5938.92 (67649b10b92b..., userDataDir: C:\Users\Elia\AppData\Local...}, fedcm:accounts: true, goog:chromeOptions: {debuggerAddress: localhost:53542}, networkConnectionEnabled: false, pageLoadStrategy: normal, platformName: windows, proxy: Proxy(), se:cdp: ws://localhost:53542/devtoo..., se:cdpVersion: 117.0.5938.92, setWindowRect: true, strictFileInteractability: false, timeouts: {implicit: 0, pageLoad: 300000, script: 30000}, unhandledPromptBehavior: dismiss and notify, webauthn:extension:credBlob: true, webauthn:extension:largeBlob: true, webauthn:extension:minPinLength: true, webauthn:extension:prf: true, webauthn:virtualAuthenticators: true}
Element: [[ChromeDriver: chrome on windows (e547f79aa0573b96df839f7c1e5483f0)] -&amp;gt; xpath: //button[contains(@data-ref,&amp;apos;next&amp;apos;)]]
Session ID: e547f79aa0573b96df839f7c1e5483f0">
      <![CDATA[org.openqa.selenium.ElementClickInterceptedException: element click intercepted: Element <button _ngcontent-ng-c1784957809="" ry-button="" color="gradient-yellow" class="passenger-carousel__cta passenger-carousel__cta--next ry-button--gradient-yellow" _nghost-ng-c414200528="" data-ref="seats-action__button-next">...</button> is not clickable at point (1444, 507). Other element would receive the click: <ry-overlay _ngcontent-ng-c866520027="" _nghost-ng-c2471414826=""></ry-overlay>
  (Session info: chrome=117.0.5938.92)
Build info: version: '4.12.1', revision: '8e34639b11'
System info: os.name: 'Windows 10', os.arch: 'amd64', os.version: '10.0', java.version: '20.0.2'
Driver info: org.openqa.selenium.chrome.ChromeDriver
Command: [e547f79aa0573b96df839f7c1e5483f0, clickElement {id=48F06C1A1B291E5BFD8175A8354806C9_element_564}]
Capabilities {acceptInsecureCerts: false, browserName: chrome, browserVersion: 117.0.5938.92, chrome: {chromedriverVersion: 117.0.5938.92 (67649b10b92b..., userDataDir: C:\Users\Elia\AppData\Local...}, fedcm:accounts: true, goog:chromeOptions: {debuggerAddress: localhost:53542}, networkConnectionEnabled: false, pageLoadStrategy: normal, platformName: windows, proxy: Proxy(), se:cdp: ws://localhost:53542/devtoo..., se:cdpVersion: 117.0.5938.92, setWindowRect: true, strictFileInteractability: false, timeouts: {implicit: 0, pageLoad: 300000, script: 30000}, unhandledPromptBehavior: dismiss and notify, webauthn:extension:credBlob: true, webauthn:extension:largeBlob: true, webauthn:extension:minPinLength: true, webauthn:extension:prf: true, webauthn:virtualAuthenticators: true}
Element: [[ChromeDriver: chrome on windows (e547f79aa0573b96df839f7c1e5483f0)] -> xpath: //button[contains(@data-ref,'next')]]
Session ID: e547f79aa0573b96df839f7c1e5483f0
at org.openqa.selenium.remote.codec.w3c.W3CHttpResponseCodec.createException(W3CHttpResponseCodec.java:200)
at org.openqa.selenium.remote.codec.w3c.W3CHttpResponseCodec.decode(W3CHttpResponseCodec.java:133)
at org.openqa.selenium.remote.codec.w3c.W3CHttpResponseCodec.decode(W3CHttpResponseCodec.java:52)
at org.openqa.selenium.remote.HttpCommandExecutor.execute(HttpCommandExecutor.java:191)
at org.openqa.selenium.remote.service.DriverCommandExecutor.invokeExecute(DriverCommandExecutor.java:196)
at org.openqa.selenium.remote.service.DriverCommandExecutor.execute(DriverCommandExecutor.java:171)
at org.openqa.selenium.remote.RemoteWebDriver.execute(RemoteWebDriver.java:602)
at org.openqa.selenium.remote.RemoteWebElement.execute(RemoteWebElement.java:224)
at org.openqa.selenium.remote.RemoteWebElement.click(RemoteWebElement.java:77)
at org.openqa.selenium.support.pagefactory.internal.LocatingElementHandler.invoke(LocatingElementHandler.java:51)
at jdk.proxy2/jdk.proxy2.$Proxy25.click(Unknown Source)
at Pages.Seats.clickNextFlight(Seats.java:52)
at StepDefinition.MyStepdefs.clickOnNextFlight(MyStepdefs.java:127)
at âœ½.Click on Next Flight(file:///C:/Users/Elia/Desktop/PruebaTecnica/PruebaTecnica/src/test/java/Features/MyTest.feature:30)
... Removed 5 stack frames]]>
    </failure>
  </testcase> <!-- runScenario -->
</testsuite> <!-- TestDemo -->
